2025-03-31 16:27:00,034 - BrandAnalytics - INFO - Loaded configuration from C:\Users\Admin\Desktop\Final\config\config.yaml
2025-03-31 16:27:00,035 - BrandAnalytics - INFO - Processing files: 
Instagram: C:\Users\Admin\Desktop\Final\data\input\instagram\others-competitor-readytobemomofficial-December-2024-67ea644a7df77.xlsx
Facebook: C:\Users\Admin\Desktop\Final\data\input\facebook\others-competitor-ReadyToBeMomOfficial-December-2024-67ea644501927.xlsx
YouTube: C:\Users\Admin\Desktop\Final\data\input\youtube\youtube_data.xlsx
2025-03-31 16:27:00,403 - BrandAnalytics - INFO - Found 3 brands: Brand 1, Brand 3, Brand 2
2025-03-31 16:27:00,406 - BrandAnalytics - INFO - Processing brand: Brand 1
2025-03-31 16:27:00,407 - BrandAnalytics - INFO - Processing brand: Brand 3
2025-03-31 16:27:00,407 - BrandAnalytics - INFO - Generating Instagram report for Brand 1...
2025-03-31 16:27:00,407 - BrandAnalytics - INFO - Processing brand: Brand 2
2025-03-31 16:27:00,408 - BrandAnalytics - INFO - Generating Instagram report for Brand 3...
2025-03-31 16:27:00,408 - BrandAnalytics - INFO - Generating Instagram report for Brand 2...
2025-03-31 16:27:48,639 - BrandAnalytics - INFO - Instagram report for Brand 1 completed and saved.
2025-03-31 16:27:48,640 - BrandAnalytics - INFO - Generating Facebook report for Brand 1...
2025-03-31 16:28:02,939 - BrandAnalytics - INFO - Instagram report for Brand 3 completed and saved.
2025-03-31 16:28:02,940 - BrandAnalytics - INFO - Generating Facebook report for Brand 3...
2025-03-31 16:28:10,480 - BrandAnalytics - INFO - Instagram report for Brand 2 completed and saved.
2025-03-31 16:28:10,480 - BrandAnalytics - INFO - Generating Facebook report for Brand 2...
2025-03-31 16:28:58,348 - BrandAnalytics - INFO - Facebook report for Brand 1 completed and saved.
2025-03-31 16:28:58,348 - BrandAnalytics - INFO - Generating YouTube report for Brand 1...
2025-03-31 16:29:01,844 - BrandAnalytics - INFO - Facebook report for Brand 3 completed and saved.
2025-03-31 16:29:01,844 - BrandAnalytics - INFO - Generating YouTube report for Brand 3...
2025-03-31 16:29:16,121 - BrandAnalytics - INFO - Facebook report for Brand 2 completed and saved.
2025-03-31 16:29:16,122 - BrandAnalytics - INFO - Generating YouTube report for Brand 2...
2025-03-31 16:30:00,737 - BrandAnalytics - INFO - YouTube report for Brand 1 completed and saved.
2025-03-31 16:30:00,738 - BrandAnalytics - INFO - Merging reports for Brand 1...
2025-03-31 16:30:00,748 - BrandAnalytics - INFO - Merged report for Brand 1 completed and saved.
2025-03-31 16:30:00,749 - BrandAnalytics - INFO - Successfully processed Brand 1
2025-03-31 16:30:09,596 - BrandAnalytics - INFO - YouTube report for Brand 3 completed and saved.
2025-03-31 16:30:09,597 - BrandAnalytics - INFO - Merging reports for Brand 3...
2025-03-31 16:30:09,599 - BrandAnalytics - INFO - Merged report for Brand 3 completed and saved.
2025-03-31 16:30:09,600 - BrandAnalytics - INFO - Successfully processed Brand 3
2025-03-31 16:30:12,620 - BrandAnalytics - INFO - YouTube report for Brand 2 completed and saved.
2025-03-31 16:30:12,620 - BrandAnalytics - INFO - Merging reports for Brand 2...
2025-03-31 16:30:12,622 - BrandAnalytics - INFO - Merged report for Brand 2 completed and saved.
2025-03-31 16:30:12,623 - BrandAnalytics - INFO - Successfully processed Brand 2
2025-03-31 16:30:12,623 - BrandAnalytics - INFO - Generating comparative report for all brands...
2025-03-31 16:31:47,677 - BrandAnalytics - INFO - Comparative brand analysis completed and saved.
2025-03-31 16:31:47,677 - BrandAnalytics - INFO - All processing completed successfully.
2025-03-31 16:31:47,684 - BrandAnalytics - INFO - Archived C:\Users\Admin\Desktop\Final\data\input\instagram\others-competitor-readytobemomofficial-December-2024-67ea644a7df77.xlsx to C:\Users\Admin\Desktop\Final\data\input\archive\instagram\20250331_163147_others-competitor-readytobemomofficial-December-2024-67ea644a7df77.xlsx
2025-03-31 16:31:47,689 - BrandAnalytics - INFO - Archived C:\Users\Admin\Desktop\Final\data\input\facebook\others-competitor-ReadyToBeMomOfficial-December-2024-67ea644501927.xlsx to C:\Users\Admin\Desktop\Final\data\input\archive\facebook\20250331_163147_others-competitor-ReadyToBeMomOfficial-December-2024-67ea644501927.xlsx
2025-03-31 16:31:47,690 - BrandAnalytics - INFO - Archived C:\Users\Admin\Desktop\Final\data\input\youtube\youtube_data.xlsx to C:\Users\Admin\Desktop\Final\data\input\archive\youtube\20250331_163147_youtube_data.xlsx
