2025-04-01 15:56:44,793 - BrandAnalytics - INFO - Loaded configuration from C:\Users\Admin\Desktop\Final\config\config.yaml
2025-04-01 15:56:44,794 - BrandAnalytics - INFO - Starting Brand Analytics processing...
2025-04-01 15:56:44,794 - BrandAnalytics - INFO - Starting Excel file standardization...
2025-04-01 15:56:45,649 - BrandAnalytics - INFO - Standardizing C:\Users\Admin\Desktop\Final\data\input\instagram\others-competitor-readytobemomofficial-December-2024-67ea644a7df77.xlsx for brand Competitors
2025-04-01 15:56:47,399 - BrandAnalytics - ERROR - Error standardizing Excel files: (-2147352567, 'Exception occurred.', (0, 'Microsoft Excel', 'Programmatic access to Visual Basic Project is not trusted\n', 'xlmain11.chm', 0, -2146827284), None)
2025-04-01 15:56:47,815 - BrandAnalytics - INFO - Detected brands: Global, Bank, Post
2025-04-01 15:56:47,817 - BrandAnalytics - INFO - Processing brand: Global
2025-04-01 15:56:47,817 - BrandAnalytics - INFO - Processing brand: Bank
2025-04-01 15:56:47,819 - BrandAnalytics - INFO - Generating Instagram report for Global...
2025-04-01 15:56:47,819 - BrandAnalytics - INFO - Processing brand: Post
2025-04-01 15:56:47,819 - BrandAnalytics - INFO - Generating Instagram report for Bank...
2025-04-01 15:56:47,820 - BrandAnalytics - INFO - Generating Instagram report for Post...
2025-04-01 15:58:59,999 - BrandAnalytics - INFO - Instagram report for Bank completed and saved.
2025-04-01 15:58:59,999 - BrandAnalytics - INFO - Generating Facebook report for Bank...
2025-04-01 15:59:11,117 - BrandAnalytics - INFO - Instagram report for Global completed and saved.
2025-04-01 15:59:11,117 - BrandAnalytics - INFO - Generating Facebook report for Global...
2025-04-01 15:59:24,109 - BrandAnalytics - INFO - Instagram report for Post completed and saved.
2025-04-01 15:59:24,110 - BrandAnalytics - INFO - Generating Facebook report for Post...
2025-04-01 16:00:13,254 - BrandAnalytics - INFO - Facebook report for Bank completed and saved.
2025-04-01 16:00:13,255 - BrandAnalytics - INFO - Generating YouTube report for Bank...
